
=== Fri Feb 11 15:46:48 2022

Packages were changed.
Update Mode: updateDependencies

The following packages were added:
  com.unity.2d.sprite@1.0.0
  com.unity.2d.tilemap@1.0.0
  com.unity.ads@3.7.5
  com.unity.analytics@3.6.12
  com.unity.ide.visualstudio@2.0.12
  com.unity.purchasing@4.1.2
  com.unity.xr.legacyinputhelpers@2.1.8
The following packages were updated:
  com.unity.collab-proxy from version 1.2.16 to 1.15.7
  com.unity.ide.rider from version 1.1.4 to 2.0.7
  com.unity.ide.vscode from version 1.2.3 to 1.2.4
  com.unity.mobile.android-logcat from version 1.2.1 to 1.2.3
  com.unity.mobile.notifications from version 1.3.2 to 1.4.2
  com.unity.test-framework from version 1.1.22 to 1.1.29
  com.unity.textmeshpro from version 2.1.3 to 3.0.6
  com.unity.timeline from version 1.2.18 to 1.4.8

=== Fri Feb 11 16:59:28 2022

Packages were changed.
Update Mode: updateDependencies

The following packages were updated:
  com.unity.ide.visualstudio from version 2.0.12 to 2.0.14
